#
# A fatal error has been detected by the Java Runtime Environment:
#
#  SIGSEGV (0xb) at pc=0x00007fd0cf375384, pid=4198, tid=140534779864848
#
# JRE version: 6.0_18-b18
# Java VM: OpenJDK 64-Bit Server VM (16.0-b13 mixed mode linux-amd64 )
# Derivative: IcedTea6 1.8.1
# Distribution: Ubuntu 10.04 LTS, package 6b18-1.8.1-0ubuntu1
# Problematic frame:
# C  [libzmq.so+0x22384]  _ZN3zmq8object_t9send_stopEv+0x4
#
# If you would like to submit a bug report, please include
# instructions how to reproduce the bug and visit:
#   https://bugs.launchpad.net/ubuntu/+source/openjdk-6/
# The crash happened outside the Java Virtual Machine in native code.
# See problematic frame for where to report the bug.
#

---------------  T H R E A D  ---------------

Current thread (0x000000000138f800):  JavaThread "SIGINT handler" daemon [_thread_in_native, id=4226, stack(0x00007fd0cd91e000,0x00007fd0cda1f000)]

siginfo:si_signo=SIGSEGV: si_errno=0, si_code=1 (SEGV_MAPERR), si_addr=0x0000000000000010

Registers:
RAX=0xfffffffffffe3004, RBX=0x00007fd0c81a22d0, RCX=0x00007fd000000000, RDX=0x00007fd0c828a0f0
RSP=0x00007fd0cda1c6b0, RBP=0x0000000000000001, RSI=0x00007fd000000000, RDI=0x0000000000000000
R8 =0x00007fd000000000, R9 =0x00007fd0d232db28, R10=0x00007fd0cda1c670, R11=0x00007fd0cf387240
R12=0x0000000000000001, R13=0x0000000000000000, R14=0x0000000000000001, R15=0x00007fd0c8331f00
RIP=0x00007fd0cf375384, EFL=0x0000000000010202, CSGSFS=0x0000000000000033, ERR=0x0000000000000004
  TRAPNO=0x000000000000000e

Top of Stack: (sp=0x00007fd0cda1c6b0)
0x00007fd0cda1c6b0:   00007fd0d227e548 00007fd000000058
0x00007fd0cda1c6c0:   00007fd000000000 00007fd0d22196e8
0x00007fd0cda1c6d0:   0000000000000010 00007fd000000000
0x00007fd0cda1c6e0:   0000000000000000 00007fd0cf36ebcd
0x00007fd0cda1c6f0:   00007fd000000008 00007fd0cda1c848
0x00007fd0cda1c700:   00007fd0cda1c720 00007fd0cf38724e
0x00007fd0cda1c710:   00007fd0db8ac910 00007fd0cf59f3e0
0x00007fd0cda1c720:   000000000000000a 00007fd0cda1c8a0
0x00007fd0cda1c730:   00007fd0cda1c810 00007fd0cf59ef4f
0x00007fd0cda1c740:   00007fd0d20c2da0 0000000000f94800
0x00007fd0cda1c750:   00007fd0cda1c760 00007fd0cda1c7c0
0x00007fd0cda1c760:   00007fd0cda1c7dc 00007fd0cda1c7d8
0x00007fd0cda1c770:   00007fd0cda1c670 00007fd0cda1c820
0x00007fd0cda1c780:   00007fd0cda1c8a0 00007fd0cf387240
0x00007fd0cda1c790:   00007fd0cda1c720 00007fd0c802f590
0x00007fd0cda1c7a0:   000000010138f800 0000000100000000
0x00007fd0cda1c7b0:   0000000100000001 00007fd0cda1c7c4
0x00007fd0cda1c7c0:   0000000000000001 00007fd0c81a22d0
0x00007fd0cda1c7d0:   000000000138f800 0000000100000000
0x00007fd0cda1c7e0:   00007fd0f0c8a010 00007fd0c8331f00
0x00007fd0cda1c7f0:   00007fd0cda1c820 00007fd0cda1c840
0x00007fd0cda1c800:   00007fd0cda1c8a0 00007fd0cda1c820
0x00007fd0cda1c810:   00007fd0cda1c890 00007fd0cf59c991
0x00007fd0cda1c820:   00007fd0cda1c840 00007fd0cda1c8a0
0x00007fd0cda1c830:   00007fd0fa9f481a 00007fd0c81a22d0
0x00007fd0cda1c840:   00007fd0c81a22d0 0000000000000000
0x00007fd0cda1c850:   00007fd0f0c8a010 00007fd0db680058
0x00007fd0cda1c860:   00007fd0cda1c860 00007fd0d1f395f0
0x00007fd0cda1c870:   000000000138f800 00007fd0d1f395f0
0x00007fd0cda1c880:   00007fd0cda1c958 000000000138f800
0x00007fd0cda1c890:   00007fd0cda1c8b0 00007fd0cf59cb0a
0x00007fd0cda1c8a0:   00007fd0cda1c918 00007fd0fa9f481a 

Instructions: (pc=0x00007fd0cf375384)
0x00007fd0cf375374:   d8 78 ff ff 48 83 c4 38 c3 90 66 90 48 83 ec 38
0x00007fd0cf375384:   8b 77 10 48 89 3c 24 48 8b 7f 08 48 89 e2 c7 44 

Stack: [0x00007fd0cd91e000,0x00007fd0cda1f000],  sp=0x00007fd0cda1c6b0,  free space=3f90000000000000030k
Native frames: (J=compiled Java code, j=interpreted, Vv=VM code, C=native code)
C  [libzmq.so+0x22384]  _ZN3zmq8object_t9send_stopEv+0x4

Java frames: (J=compiled Java code, j=interpreted, Vv=VM code)
j  com.kenai.jffi.Foreign.invokeArrayReturnInt(J[B)I+0
j  com.kenai.jffi.Invoker.invokeInt(Lcom/kenai/jffi/Function;Lcom/kenai/jffi/HeapInvocationBuffer;)I+31
j  org.jruby.ext.ffi.jffi.DefaultMethodFactory$Signed32Invoker.invoke(Lorg/jruby/runtime/ThreadContext;Lcom/kenai/jffi/Function;Lcom/kenai/jffi/HeapInvocationBuffer;)Lorg/jruby/runtime/builtin/IRubyObject;+9
j  org.jruby.ext.ffi.jffi.DefaultMethodOneArg.call(Lorg/jruby/runtime/ThreadContext;Lorg/jruby/runtime/builtin/IRubyObject;Lorg/jruby/RubyModule;Ljava/lang/String;Lorg/jruby/runtime/builtin/IRubyObject;)Lorg/jruby/runtime/builtin/IRubyObject;+106
j  org.jruby.runtime.callsite.CachingCallSite.cacheAndCall(Lorg/jruby/runtime/builtin/IRubyObject;Lorg/jruby/RubyClass;Lorg/jruby/runtime/ThreadContext;Lorg/jruby/runtime/builtin/IRubyObject;Lorg/jruby/runtime/builtin/IRubyObject;)Lorg/jruby/runtime/builtin/IRubyObject;+57
j  org.jruby.runtime.callsite.CachingCallSite.call(Lorg/jruby/runtime/ThreadContext;Lorg/jruby/runtime/builtin/IRubyObject;Lorg/jruby/runtime/builtin/IRubyObject;Lorg/jruby/runtime/builtin/IRubyObject;)Lorg/jruby/runtime/builtin/IRubyObject;+50
j  org.jruby.ast.CallOneArgNode.interpret(Lorg/jruby/Ruby;Lorg/jruby/runtime/ThreadContext;Lorg/jruby/runtime/builtin/IRubyObject;Lorg/jruby/runtime/Block;)Lorg/jruby/runtime/builtin/IRubyObject;+30
j  org.jruby.ast.LocalAsgnNode.interpret(Lorg/jruby/Ruby;Lorg/jruby/runtime/ThreadContext;Lorg/jruby/runtime/builtin/IRubyObject;Lorg/jruby/runtime/Block;)Lorg/jruby/runtime/builtin/IRubyObject;+30
J  org.jruby.ast.NewlineNode.interpret(Lorg/jruby/Ruby;Lorg/jruby/runtime/ThreadContext;Lorg/jruby/runtime/builtin/IRubyObject;Lorg/jruby/runtime/Block;)Lorg/jruby/runtime/builtin/IRubyObject;
j  org.jruby.ast.BlockNode.interpret(Lorg/jruby/Ruby;Lorg/jruby/runtime/ThreadContext;Lorg/jruby/runtime/builtin/IRubyObject;Lorg/jruby/runtime/Block;)Lorg/jruby/runtime/builtin/IRubyObject;+33
j  org.jruby.ast.IfNode.interpret(Lorg/jruby/Ruby;Lorg/jruby/runtime/ThreadContext;Lorg/jruby/runtime/builtin/IRubyObject;Lorg/jruby/runtime/Block;)Lorg/jruby/runtime/builtin/IRubyObject;+102
J  org.jruby.ast.NewlineNode.interpret(Lorg/jruby/Ruby;Lorg/jruby/runtime/ThreadContext;Lorg/jruby/runtime/builtin/IRubyObject;Lorg/jruby/runtime/Block;)Lorg/jruby/runtime/builtin/IRubyObject;
j  org.jruby.ast.BlockNode.interpret(Lorg/jruby/Ruby;Lorg/jruby/runtime/ThreadContext;Lorg/jruby/runtime/builtin/IRubyObject;Lorg/jruby/runtime/Block;)Lorg/jruby/runtime/builtin/IRubyObject;+33
j  org.jruby.internal.runtime.methods.InterpretedMethod.call(Lorg/jruby/runtime/ThreadContext;Lorg/jruby/runtime/builtin/IRubyObject;Lorg/jruby/RubyModule;Ljava/lang/String;)Lorg/jruby/runtime/builtin/IRubyObject;+54
j  org.jruby.internal.runtime.methods.DefaultMethod.call(Lorg/jruby/runtime/ThreadContext;Lorg/jruby/runtime/builtin/IRubyObject;Lorg/jruby/RubyModule;Ljava/lang/String;)Lorg/jruby/runtime/builtin/IRubyObject;+22
j  org.jruby.runtime.callsite.CachingCallSite.cacheAndCall(Lorg/jruby/runtime/builtin/IRubyObject;Lorg/jruby/RubyClass;Lorg/jruby/runtime/ThreadContext;Lorg/jruby/runtime/builtin/IRubyObject;)Lorg/jruby/runtime/builtin/IRubyObject;+53
j  org.jruby.runtime.callsite.CachingCallSite.call(Lorg/jruby/runtime/ThreadContext;Lorg/jruby/runtime/builtin/IRubyObject;Lorg/jruby/runtime/builtin/IRubyObject;)Lorg/jruby/runtime/builtin/IRubyObject;+46
j  lapaz.block_2$RUBY$__block__(Llapaz;Lorg/jruby/runtime/ThreadContext;Lorg/jruby/runtime/builtin/IRubyObject;Lorg/jruby/runtime/builtin/IRubyObject;Lorg/jruby/runtime/Block;)Lorg/jruby/runtime/builtin/IRubyObject;+48
j  lapazBlockCallback$block_2$RUBY$__block__xx1.call(Lorg/jruby/runtime/ThreadContext;Lorg/jruby/runtime/builtin/IRubyObject;Lorg/jruby/runtime/builtin/IRubyObject;Lorg/jruby/runtime/Block;)Lorg/jruby/runtime/builtin/IRubyObject;+9
j  org.jruby.runtime.CompiledBlock.yield(Lorg/jruby/runtime/ThreadContext;Lorg/jruby/runtime/builtin/IRubyObject;Lorg/jruby/runtime/builtin/IRubyObject;Lorg/jruby/RubyModule;ZLorg/jruby/runtime/Binding;Lorg/jruby/runtime/Block$Type;Lorg/jruby/runtime/Block;)Lorg/jruby/runtime/builtin/IRubyObject;+70
j  org.jruby.runtime.BlockBody.call(Lorg/jruby/runtime/ThreadContext;[Lorg/jruby/runtime/builtin/IRubyObject;Lorg/jruby/runtime/Binding;Lorg/jruby/runtime/Block$Type;Lorg/jruby/runtime/Block;)Lorg/jruby/runtime/builtin/IRubyObject;+27
j  org.jruby.runtime.Block.call(Lorg/jruby/runtime/ThreadContext;[Lorg/jruby/runtime/builtin/IRubyObject;Lorg/jruby/runtime/Block;)Lorg/jruby/runtime/builtin/IRubyObject;+15
j  org.jruby.RubyProc.call(Lorg/jruby/runtime/ThreadContext;[Lorg/jruby/runtime/builtin/IRubyObject;Lorg/jruby/runtime/builtin/IRubyObject;Lorg/jruby/runtime/Block;)Lorg/jruby/runtime/builtin/IRubyObject;+59
j  org.jruby.RubyProc.call(Lorg/jruby/runtime/ThreadContext;[Lorg/jruby/runtime/builtin/IRubyObject;Lorg/jruby/runtime/Block;)Lorg/jruby/runtime/builtin/IRubyObject;+5
j  org.jruby.RubyProc$i_method_0_0$RUBYFRAMEDINVOKER$call.call(Lorg/jruby/runtime/ThreadContext;Lorg/jruby/runtime/builtin/IRubyObject;Lorg/jruby/RubyModule;Ljava/lang/String;[Lorg/jruby/runtime/builtin/IRubyObject;Lorg/jruby/runtime/Block;)Lorg/jruby/runtime/builtin/IRubyObject;+19
j  org.jruby.internal.runtime.methods.DynamicMethod.call(Lorg/jruby/runtime/ThreadContext;Lorg/jruby/runtime/builtin/IRubyObject;Lorg/jruby/RubyModule;Ljava/lang/String;Lorg/jruby/runtime/Block;)Lorg/jruby/runtime/builtin/IRubyObject;+11
j  org.jruby.internal.runtime.methods.DynamicMethod.call(Lorg/jruby/runtime/ThreadContext;Lorg/jruby/runtime/builtin/IRubyObject;Lorg/jruby/RubyModule;Ljava/lang/String;)Lorg/jruby/runtime/builtin/IRubyObject;+9
j  org.jruby.RubyClass.finvoke(Lorg/jruby/runtime/ThreadContext;Lorg/jruby/runtime/builtin/IRubyObject;Ljava/lang/String;)Lorg/jruby/runtime/builtin/IRubyObject;+40
j  org.jruby.javasupport.util.RuntimeHelpers.invoke(Lorg/jruby/runtime/ThreadContext;Lorg/jruby/runtime/builtin/IRubyObject;Ljava/lang/String;)Lorg/jruby/runtime/builtin/IRubyObject;+9
j  org.jruby.RubyBasicObject.callMethod(Lorg/jruby/runtime/ThreadContext;Ljava/lang/String;)Lorg/jruby/runtime/builtin/IRubyObject;+3
j  org.jruby.util.SunSignalFacade$JRubySignalHandler.handle(Lsun/misc/Signal;)V+22
j  sun.misc.Signal$1.run()V+8
j  java.lang.Thread.run()V+11
v  ~StubRoutines::call_stub

---------------  P R O C E S S  ---------------

Java Threads: ( => current thread )
=>0x000000000138f800 JavaThread "SIGINT handler" daemon [_thread_in_native, id=4226, stack(0x00007fd0cd91e000,0x00007fd0cda1f000)]
  0x0000000001f88000 JavaThread "ReferenceReaper" daemon [_thread_blocked, id=4225, stack(0x00007fd0ce321000,0x00007fd0ce422000)]
  0x00007fd0c84e8800 JavaThread "Thread-3" daemon [_thread_blocked, id=4224, stack(0x00007fd0cd81d000,0x00007fd0cd91e000)]
  0x00007fd0c8004800 JavaThread "Low Memory Detector" daemon [_thread_blocked, id=4217, stack(0x00007fd0cfcbb000,0x00007fd0cfdbc000)]
  0x00007fd0c8001800 JavaThread "CompilerThread1" daemon [_thread_blocked, id=4216, stack(0x00007fd0cfdbc000,0x00007fd0cfebd000)]
  0x0000000000f91000 JavaThread "CompilerThread0" daemon [_thread_blocked, id=4215, stack(0x00007fd0cfebd000,0x00007fd0cffbe000)]
  0x0000000000f8f000 JavaThread "Signal Dispatcher" daemon [_thread_blocked, id=4214, stack(0x00007fd0cffbe000,0x00007fd0d00bf000)]
  0x0000000000f6f000 JavaThread "Finalizer" daemon [_thread_blocked, id=4213, stack(0x00007fd0d00fe000,0x00007fd0d01ff000)]
  0x0000000000f67800 JavaThread "Reference Handler" daemon [_thread_blocked, id=4212, stack(0x00007fd0d01ff000,0x00007fd0d0300000)]
  0x0000000000ee7800 JavaThread "main" [_thread_in_native, id=4208, stack(0x00007fd1006a1000,0x00007fd1007a2000)]

Other Threads:
  0x0000000000f63000 VMThread [stack: 0x00007fd0d0300000,0x00007fd0d0401000] [id=4211]
  0x00007fd0c8007000 WatcherThread [stack: 0x00007fd0cfbba000,0x00007fd0cfcbb000] [id=4218]

VM state:not at safepoint (normal execution)

VM Mutex/Monitor currently owned by a thread: None

Heap
 PSYoungGen      total 34368K, used 12758K [0x00007fd0f0340000, 0x00007fd0f2760000, 0x00007fd0fa9e0000)
  eden space 31744K, 31% used [0x00007fd0f0340000,0x00007fd0f0d27f68,0x00007fd0f2240000)
  from space 2624K, 99% used [0x00007fd0f24d0000,0x00007fd0f275d8e0,0x00007fd0f2760000)
  to   space 2624K, 0% used [0x00007fd0f2240000,0x00007fd0f2240000,0x00007fd0f24d0000)
 PSOldGen        total 42368K, used 3491K [0x00007fd0db5e0000, 0x00007fd0ddf40000, 0x00007fd0f0340000)
  object space 42368K, 8% used [0x00007fd0db5e0000,0x00007fd0db948e90,0x00007fd0ddf40000)
 PSPermGen       total 22784K, used 22747K [0x00007fd0d0de0000, 0x00007fd0d2420000, 0x00007fd0db5e0000)
  object space 22784K, 99% used [0x00007fd0d0de0000,0x00007fd0d2416f30,0x00007fd0d2420000)

Dynamic libraries:
00400000-00409000 r-xp 00000000 08:11 3933937                            /usr/lib/jvm/java-6-openjdk/jre/bin/java
00608000-00609000 r--p 00008000 08:11 3933937                            /usr/lib/jvm/java-6-openjdk/jre/bin/java
00609000-0060a000 rw-p 00009000 08:11 3933937                            /usr/lib/jvm/java-6-openjdk/jre/bin/java
00ede000-02dec000 rw-p 00000000 00:00 0                                  [heap]
7fd0c8000000-7fd0c9768000 rw-p 00000000 00:00 0 
7fd0c9768000-7fd0cc000000 ---p 00000000 00:00 0 
7fd0cd81d000-7fd0cd820000 ---p 00000000 00:00 0 
7fd0cd820000-7fd0cd91e000 rw-p 00000000 00:00 0 
7fd0cd91e000-7fd0cd921000 ---p 00000000 00:00 0 
7fd0cd921000-7fd0cda1f000 rw-p 00000000 00:00 0 
7fd0cda1f000-7fd0cda22000 ---p 00000000 00:00 0 
7fd0cda22000-7fd0cdb20000 rw-p 00000000 00:00 0 
7fd0cdb20000-7fd0cdb21000 ---p 00000000 00:00 0 
7fd0cdb21000-7fd0ce321000 rw-p 00000000 00:00 0 
7fd0ce321000-7fd0ce324000 ---p 00000000 00:00 0 
7fd0ce324000-7fd0ce422000 rw-p 00000000 00:00 0 
7fd0ce422000-7fd0ce423000 ---p 00000000 00:00 0 
7fd0ce423000-7fd0cec23000 rw-p 00000000 00:00 0 
7fd0cec23000-7fd0cec39000 r-xp 00000000 08:11 6222                       /lib/libgcc_s.so.1
7fd0cec39000-7fd0cee38000 ---p 00016000 08:11 6222                       /lib/libgcc_s.so.1
7fd0cee38000-7fd0cee39000 r--p 00015000 08:11 6222                       /lib/libgcc_s.so.1
7fd0cee39000-7fd0cee3a000 rw-p 00016000 08:11 6222                       /lib/libgcc_s.so.1
7fd0cee3a000-7fd0cef30000 r-xp 00000000 08:11 2531                       /usr/lib/libstdc++.so.6.0.13
7fd0cef30000-7fd0cf130000 ---p 000f6000 08:11 2531                       /usr/lib/libstdc++.so.6.0.13
7fd0cf130000-7fd0cf137000 r--p 000f6000 08:11 2531                       /usr/lib/libstdc++.so.6.0.13
7fd0cf137000-7fd0cf139000 rw-p 000fd000 08:11 2531                       /usr/lib/libstdc++.so.6.0.13
7fd0cf139000-7fd0cf14e000 rw-p 00000000 00:00 0 
7fd0cf14e000-7fd0cf152000 r-xp 00000000 08:11 875                        /lib/libuuid.so.1.3.0
7fd0cf152000-7fd0cf351000 ---p 00004000 08:11 875                        /lib/libuuid.so.1.3.0
7fd0cf351000-7fd0cf352000 r--p 00003000 08:11 875                        /lib/libuuid.so.1.3.0
7fd0cf352000-7fd0cf353000 rw-p 00004000 08:11 875                        /lib/libuuid.so.1.3.0
7fd0cf353000-7fd0cf392000 r-xp 00000000 08:11 933                        /usr/local/lib/libzmq.so.0.0.0
7fd0cf392000-7fd0cf592000 ---p 0003f000 08:11 933                        /usr/local/lib/libzmq.so.0.0.0
7fd0cf592000-7fd0cf595000 r--p 0003f000 08:11 933                        /usr/local/lib/libzmq.so.0.0.0
7fd0cf595000-7fd0cf596000 rw-p 00042000 08:11 933                        /usr/local/lib/libzmq.so.0.0.0
7fd0cf596000-7fd0cf5a3000 r-xp 00000000 08:11 4331077                    /home/gb/.rvm/rubies/jruby-1.5.2/lib/native/x86_64-Linux/libjffi-1.0.so
7fd0cf5a3000-7fd0cf6a3000 ---p 0000d000 08:11 4331077                    /home/gb/.rvm/rubies/jruby-1.5.2/lib/native/x86_64-Linux/libjffi-1.0.so
7fd0cf6a3000-7fd0cf6a4000 rw-p 0000d000 08:11 4331077                    /home/gb/.rvm/rubies/jruby-1.5.2/lib/native/x86_64-Linux/libjffi-1.0.so
7fd0cf79b000-7fd0cf7a3000 r-xp 00000000 08:11 3933899                    /usr/lib/jvm/java-6-openjdk/jre/lib/amd64/libnio.so
7fd0cf7a3000-7fd0cf9a2000 ---p 00008000 08:11 3933899                    /usr/lib/jvm/java-6-openjdk/jre/lib/amd64/libnio.so
7fd0cf9a2000-7fd0cf9a3000 r--p 00007000 08:11 3933899                    /usr/lib/jvm/java-6-openjdk/jre/lib/amd64/libnio.so
7fd0cf9a3000-7fd0cf9a4000 rw-p 00008000 08:11 3933899                    /usr/lib/jvm/java-6-openjdk/jre/lib/amd64/libnio.so
7fd0cf9a4000-7fd0cf9b9000 r-xp 00000000 08:11 3933898                    /usr/lib/jvm/java-6-openjdk/jre/lib/amd64/libnet.so
7fd0cf9b9000-7fd0cfbb8000 ---p 00015000 08:11 3933898                    /usr/lib/jvm/java-6-openjdk/jre/lib/amd64/libnet.so
7fd0cfbb8000-7fd0cfbb9000 r--p 00014000 08:11 3933898                    /usr/lib/jvm/java-6-openjdk/jre/lib/amd64/libnet.so
7fd0cfbb9000-7fd0cfbba000 rw-p 00015000 08:11 3933898                    /usr/lib/jvm/java-6-openjdk/jre/lib/amd64/libnet.so
7fd0cfbba000-7fd0cfbbb000 ---p 00000000 00:00 0 
7fd0cfbbb000-7fd0cfcbb000 rw-p 00000000 00:00 0 
7fd0cfcbb000-7fd0cfcbe000 ---p 00000000 00:00 0 
7fd0cfcbe000-7fd0cfdbc000 rw-p 00000000 00:00 0 
7fd0cfdbc000-7fd0cfdbf000 ---p 00000000 00:00 0 
7fd0cfdbf000-7fd0cfebd000 rw-p 00000000 00:00 0 
7fd0cfebd000-7fd0cfec0000 ---p 00000000 00:00 0 
7fd0cfec0000-7fd0cffbe000 rw-p 00000000 00:00 0 
7fd0cffbe000-7fd0cffc1000 ---p 00000000 00:00 0 
7fd0cffc1000-7fd0d00bf000 rw-p 00000000 00:00 0 
7fd0d00bf000-7fd0d00fe000 r--p 00000000 08:11 3450366                    /usr/lib/locale/en_GB.utf8/LC_CTYPE
7fd0d00fe000-7fd0d0101000 ---p 00000000 00:00 0 
7fd0d0101000-7fd0d01ff000 rw-p 00000000 00:00 0 
7fd0d01ff000-7fd0d0202000 ---p 00000000 00:00 0 
7fd0d0202000-7fd0d0300000 rw-p 00000000 00:00 0 
7fd0d0300000-7fd0d0301000 ---p 00000000 00:00 0 
7fd0d0301000-7fd0d0704000 rw-p 00000000 00:00 0 
7fd0d0704000-7fd0d07a6000 r--s 00715000 08:11 3940301                    /home/gb/.rvm/rubies/jruby-1.5.2/lib/jruby.jar
7fd0d07a6000-7fd0d07d9000 rw-p 00000000 00:00 0 
7fd0d07d9000-7fd0d096c000 r--s 03918000 08:11 3933871                    /usr/lib/jvm/java-6-openjdk/jre/lib/rt.jar
7fd0d096c000-7fd0d0994000 rw-p 00000000 00:00 0 
7fd0d0994000-7fd0d0995000 ---p 00000000 00:00 0 
7fd0d0995000-7fd0d0a95000 rw-p 00000000 00:00 0 
7fd0d0a95000-7fd0d0a96000 ---p 00000000 00:00 0 
7fd0d0a96000-7fd0d0ba2000 rw-p 00000000 00:00 0 
7fd0d0ba2000-7fd0d0bea000 rw-p 00000000 00:00 0 
7fd0d0bea000-7fd0d0bff000 rw-p 00000000 00:00 0 
7fd0d0bff000-7fd0d0c91000 rw-p 00000000 00:00 0 
7fd0d0c91000-7fd0d0c9d000 rw-p 00000000 00:00 0 
7fd0d0c9d000-7fd0d0ce5000 rw-p 00000000 00:00 0 
7fd0d0ce5000-7fd0d0cfa000 rw-p 00000000 00:00 0 
7fd0d0cfa000-7fd0d0d8b000 rw-p 00000000 00:00 0 
7fd0d0d8b000-7fd0d0d9e000 rw-p 00000000 00:00 0 
7fd0d0d9e000-7fd0d0ddf000 rw-p 00000000 00:00 0 
7fd0d0ddf000-7fd0d2420000 rw-p 00000000 00:00 0 
7fd0d2420000-7fd0db5e0000 rw-p 00000000 00:00 0 
7fd0db5e0000-7fd0ddf40000 rw-p 00000000 00:00 0 
7fd0ddf40000-7fd0f0340000 rw-p 00000000 00:00 0 
7fd0f0340000-7fd0f2760000 rw-p 00000000 00:00 0 
7fd0f2760000-7fd0fa9e0000 rw-p 00000000 00:00 0 
7fd0fa9ef000-7fd0fac5f000 rwxp 00000000 00:00 0 
7fd0fac5f000-7fd0fd9ef000 rw-p 00000000 00:00 0 
7fd0fd9ef000-7fd0fd9f6000 r-xp 00000000 08:11 3933905                    /usr/lib/jvm/java-6-openjdk/jre/lib/amd64/libzip.so
7fd0fd9f6000-7fd0fdbf5000 ---p 00007000 08:11 3933905                    /usr/lib/jvm/java-6-openjdk/jre/lib/amd64/libzip.so
7fd0fdbf5000-7fd0fdbf6000 r--p 00006000 08:11 3933905                    /usr/lib/jvm/java-6-openjdk/jre/lib/amd64/libzip.so
7fd0fdbf6000-7fd0fdbf7000 rw-p 00007000 08:11 3933905                    /usr/lib/jvm/java-6-openjdk/jre/lib/amd64/libzip.so
7fd0fdbf7000-7fd0fdc03000 r-xp 00000000 08:11 2709                       /lib/libnss_files-2.11.1.so
7fd0fdc03000-7fd0fde02000 ---p 0000c000 08:11 2709                       /lib/libnss_files-2.11.1.so
7fd0fde02000-7fd0fde03000 r--p 0000b000 08:11 2709                       /lib/libnss_files-2.11.1.so
7fd0fde03000-7fd0fde04000 rw-p 0000c000 08:11 2709                       /lib/libnss_files-2.11.1.so
7fd0fde04000-7fd0fde0e000 r-xp 00000000 08:11 2713                       /lib/libnss_nis-2.11.1.so
7fd0fde0e000-7fd0fe00d000 ---p 0000a000 08:11 2713                       /lib/libnss_nis-2.11.1.so
7fd0fe00d000-7fd0fe00e000 r--p 00009000 08:11 2713                       /lib/libnss_nis-2.11.1.so
7fd0fe00e000-7fd0fe00f000 rw-p 0000a000 08:11 2713                       /lib/libnss_nis-2.11.1.so
7fd0fe00f000-7fd0fe017000 r-xp 00000000 08:11 2705                       /lib/libnss_compat-2.11.1.so
7fd0fe017000-7fd0fe216000 ---p 00008000 08:11 2705                       /lib/libnss_compat-2.11.1.so
7fd0fe216000-7fd0fe217000 r--p 00007000 08:11 2705                       /lib/libnss_compat-2.11.1.so
7fd0fe217000-7fd0fe218000 rw-p 00008000 08:11 2705                       /lib/libnss_compat-2.11.1.so
7fd0fe218000-7fd0fe220000 r-xp 00000000 08:11 3933907                    /usr/lib/jvm/java-6-openjdk/jre/lib/amd64/native_threads/libhpi.so
7fd0fe220000-7fd0fe41f000 ---p 00008000 08:11 3933907                    /usr/lib/jvm/java-6-openjdk/jre/lib/amd64/native_threads/libhpi.so
7fd0fe41f000-7fd0fe420000 r--p 00007000 08:11 3933907                    /usr/lib/jvm/java-6-openjdk/jre/lib/amd64/native_threads/libhpi.so
7fd0fe420000-7fd0fe421000 rw-p 00008000 08:11 3933907                    /usr/lib/jvm/java-6-openjdk/jre/lib/amd64/native_threads/libhpi.so
7fd0fe421000-7fd0fe438000 r-xp 00000000 08:11 2703                       /lib/libnsl-2.11.1.so
7fd0fe438000-7fd0fe637000 ---p 00017000 08:11 2703                       /lib/libnsl-2.11.1.so
7fd0fe637000-7fd0fe638000 r--p 00016000 08:11 2703                       /lib/libnsl-2.11.1.so
7fd0fe638000-7fd0fe639000 rw-p 00017000 08:11 2703                       /lib/libnsl-2.11.1.so
7fd0fe639000-7fd0fe63b000 rw-p 00000000 00:00 0 
7fd0fe63b000-7fd0fe668000 r-xp 00000000 08:11 3933888                    /usr/lib/jvm/java-6-openjdk/jre/lib/amd64/libjava.so
7fd0fe668000-7fd0fe867000 ---p 0002d000 08:11 3933888                    /usr/lib/jvm/java-6-openjdk/jre/lib/amd64/libjava.so
7fd0fe867000-7fd0fe868000 r--p 0002c000 08:11 3933888                    /usr/lib/jvm/java-6-openjdk/jre/lib/amd64/libjava.so
7fd0fe868000-7fd0fe86b000 rw-p 0002d000 08:11 3933888                    /usr/lib/jvm/java-6-openjdk/jre/lib/amd64/libjava.so
7fd0fe86b000-7fd0fe87a000 r-xp 00000000 08:11 3933904                    /usr/lib/jvm/java-6-openjdk/jre/lib/amd64/libverify.so
7fd0fe87a000-7fd0fea79000 ---p 0000f000 08:11 3933904                    /usr/lib/jvm/java-6-openjdk/jre/lib/amd64/libverify.so
7fd0fea79000-7fd0fea7b000 r--p 0000e000 08:11 3933904                    /usr/lib/jvm/java-6-openjdk/jre/lib/amd64/libverify.so
7fd0fea7b000-7fd0fea7c000 rw-p 00010000 08:11 3933904                    /usr/lib/jvm/java-6-openjdk/jre/lib/amd64/libverify.so
7fd0fea7c000-7fd0fea83000 r-xp 00000000 08:11 2741                       /lib/librt-2.11.1.so
7fd0fea83000-7fd0fec82000 ---p 00007000 08:11 2741                       /lib/librt-2.11.1.so
7fd0fec82000-7fd0fec83000 r--p 00006000 08:11 2741                       /lib/librt-2.11.1.so
7fd0fec83000-7fd0fec84000 rw-p 00007000 08:11 2741                       /lib/librt-2.11.1.so
7fd0fec84000-7fd0fed06000 r-xp 00000000 08:11 2699                       /lib/libm-2.11.1.so
7fd0fed06000-7fd0fef05000 ---p 00082000 08:11 2699                       /lib/libm-2.11.1.so
7fd0fef05000-7fd0fef06000 r--p 00081000 08:11 2699                       /lib/libm-2.11.1.so
7fd0fef06000-7fd0fef07000 rw-p 00082000 08:11 2699                       /lib/libm-2.11.1.so
7fd0fef07000-7fd0ff722000 r-xp 00000000 08:11 3933909                    /usr/lib/jvm/java-6-openjdk/jre/lib/amd64/server/libjvm.so
7fd0ff722000-7fd0ff921000 ---p 0081b000 08:11 3933909                    /usr/lib/jvm/java-6-openjdk/jre/lib/amd64/server/libjvm.so
7fd0ff921000-7fd0ff995000 r--p 0081a000 08:11 3933909                    /usr/lib/jvm/java-6-openjdk/jre/lib/amd64/server/libjvm.so
7fd0ff995000-7fd0ff9af000 rw-p 0088e000 08:11 3933909                    /usr/lib/jvm/java-6-openjdk/jre/lib/amd64/server/libjvm.so
7fd0ff9af000-7fd0ff9e8000 rw-p 00000000 00:00 0 
7fd0ff9e8000-7fd0ffb62000 r-xp 00000000 08:11 2688                       /lib/libc-2.11.1.so
7fd0ffb62000-7fd0ffd61000 ---p 0017a000 08:11 2688                       /lib/libc-2.11.1.so
7fd0ffd61000-7fd0ffd65000 r--p 00179000 08:11 2688                       /lib/libc-2.11.1.so
7fd0ffd65000-7fd0ffd66000 rw-p 0017d000 08:11 2688                       /lib/libc-2.11.1.so
7fd0ffd66000-7fd0ffd6b000 rw-p 00000000 00:00 0 
7fd0ffd6b000-7fd0ffd6d000 r-xp 00000000 08:11 2697                       /lib/libdl-2.11.1.so
7fd0ffd6d000-7fd0fff6d000 ---p 00002000 08:11 2697                       /lib/libdl-2.11.1.so
7fd0fff6d000-7fd0fff6e000 r--p 00002000 08:11 2697                       /lib/libdl-2.11.1.so
7fd0fff6e000-7fd0fff6f000 rw-p 00003000 08:11 2697                       /lib/libdl-2.11.1.so
7fd0fff6f000-7fd0fff73000 r-xp 00000000 08:11 3933876                    /usr/lib/jvm/java-6-openjdk/jre/lib/amd64/jli/libjli.so
7fd0fff73000-7fd100172000 ---p 00004000 08:11 3933876                    /usr/lib/jvm/java-6-openjdk/jre/lib/amd64/jli/libjli.so
7fd100172000-7fd100173000 r--p 00003000 08:11 3933876                    /usr/lib/jvm/java-6-openjdk/jre/lib/amd64/jli/libjli.so
7fd100173000-7fd100174000 rw-p 00004000 08:11 3933876                    /usr/lib/jvm/java-6-openjdk/jre/lib/amd64/jli/libjli.so
7fd100174000-7fd10018c000 r-xp 00000000 08:11 2729                       /lib/libpthread-2.11.1.so
7fd10018c000-7fd10038b000 ---p 00018000 08:11 2729                       /lib/libpthread-2.11.1.so
7fd10038b000-7fd10038c000 r--p 00017000 08:11 2729                       /lib/libpthread-2.11.1.so
7fd10038c000-7fd10038d000 rw-p 00018000 08:11 2729                       /lib/libpthread-2.11.1.so
7fd10038d000-7fd100391000 rw-p 00000000 00:00 0 
7fd100391000-7fd1003a7000 r-xp 00000000 08:11 1948                       /lib/libz.so.1.2.3.3
7fd1003a7000-7fd1005a6000 ---p 00016000 08:11 1948                       /lib/libz.so.1.2.3.3
7fd1005a6000-7fd1005a7000 r--p 00015000 08:11 1948                       /lib/libz.so.1.2.3.3
7fd1005a7000-7fd1005a8000 rw-p 00016000 08:11 1948                       /lib/libz.so.1.2.3.3
7fd1005a8000-7fd1005c8000 r-xp 00000000 08:11 155                        /lib/ld-2.11.1.so
7fd1005d8000-7fd1005db000 r--s 00026000 08:11 4329547                    /home/gb/.rvm/rubies/jruby-1.5.2/lib/ruby/site_ruby/shared/yecht.jar
7fd1005db000-7fd1005de000 r--s 0007a000 08:11 3932922                    /usr/lib/jvm/java-6-openjdk/jre/lib/jsse.jar
7fd1005de000-7fd1005e1000 r--s 0001c000 08:11 3940299                    /home/gb/.rvm/rubies/jruby-1.5.2/lib/profile.jar
7fd1005e1000-7fd1005eb000 rw-p 00000000 00:00 0 
7fd1005eb000-7fd1006a1000 rw-p 00000000 00:00 0 
7fd1006a1000-7fd1006a4000 ---p 00000000 00:00 0 
7fd1006a4000-7fd1007a7000 rw-p 00000000 00:00 0 
7fd1007a8000-7fd1007a9000 r-xp 00000000 00:00 0 
7fd1007a9000-7fd1007ac000 r--s 0000f000 08:11 3932908                    /usr/lib/jvm/java-6-openjdk/jre/lib/ext/pulse-java.jar
7fd1007ac000-7fd1007b5000 r--s 00065000 08:11 524993                     /usr/share/java/gnome-java-bridge.jar
7fd1007b5000-7fd1007bc000 r--s 00000000 08:11 396035                     /usr/lib/gconv/gconv-modules.cache
7fd1007bc000-7fd1007c4000 rw-s 00000000 08:11 526904                     /tmp/hsperfdata_gb/4198
7fd1007c4000-7fd1007c5000 rw-p 00000000 00:00 0 
7fd1007c5000-7fd1007c6000 r--p 00000000 00:00 0 
7fd1007c6000-7fd1007c8000 rw-p 00000000 00:00 0 
7fd1007c8000-7fd1007c9000 r--p 00020000 08:11 155                        /lib/ld-2.11.1.so
7fd1007c9000-7fd1007ca000 rw-p 00021000 08:11 155                        /lib/ld-2.11.1.so
7fd1007ca000-7fd1007cb000 rw-p 00000000 00:00 0 
7ffffd37c000-7ffffd392000 rw-p 00000000 00:00 0                          [stack]
7ffffd3ff000-7ffffd400000 r-xp 00000000 00:00 0                          [vdso]
ffffffffff600000-ffffffffff601000 r-xp 00000000 00:00 0                  [vsyscall]

VM Arguments:
jvm_args: -Djruby.memory.max=500m -Djruby.stack.max=1024k -Xmx500m -Xss1024k -Djffi.boot.library.path=/home/gb/.rvm/rubies/jruby-1.5.2/lib/native/i386-Linux:/home/gb/.rvm/rubies/jruby-1.5.2/lib/native/ppc-Linux:/home/gb/.rvm/rubies/jruby-1.5.2/lib/native/x86_64-Linux -Xbootclasspath/a:/home/gb/.rvm/rubies/jruby-1.5.2/lib/jruby.jar -Djruby.home=/home/gb/.rvm/rubies/jruby-1.5.2 -Djruby.lib=/home/gb/.rvm/rubies/jruby-1.5.2/lib -Djruby.script=jruby -Djruby.shell=/bin/sh 
java_command: org.jruby.Main lapaz.rb
Launcher Type: SUN_STANDARD

Environment Variables:
PATH=/home/gb/.rvm/gems/jruby-1.5.2/bin:/home/gb/.rvm/gems/jruby-1.5.2@global/bin:/home/gb/.rvm/rubies/jruby-1.5.2/bin:/home/gb/.rvm/bin:/home/gb/.rvm/bin:/usr/local/lib/node/libraries:/home/gb/bin:/usr/local/sbin:/usr/local/bin:/usr/sbin:/usr/bin:/sbin:/bin:/usr/games
USERNAME=gb
LD_LIBRARY_PATH=/usr/lib/jvm/java-6-openjdk/jre/lib/amd64/server:/usr/lib/jvm/java-6-openjdk/jre/lib/amd64:/usr/lib/jvm/java-6-openjdk/jre/../lib/amd64
SHELL=/bin/bash
DISPLAY=:0.0

Signal Handlers:
SIGSEGV: [libjvm.so+0x6c1f70], sa_mask[0]=0x7ffbfeff, sa_flags=0x10000004
SIGBUS: [libjvm.so+0x6c1f70], sa_mask[0]=0x7ffbfeff, sa_flags=0x10000004
SIGFPE: [libjvm.so+0x58ca00], sa_mask[0]=0x7ffbfeff, sa_flags=0x10000004
SIGPIPE: [libjvm.so+0x58ca00], sa_mask[0]=0x7ffbfeff, sa_flags=0x10000004
SIGXFSZ: [libjvm.so+0x58ca00], sa_mask[0]=0x7ffbfeff, sa_flags=0x10000004
SIGILL: [libjvm.so+0x58ca00], sa_mask[0]=0x7ffbfeff, sa_flags=0x10000004
SIGUSR1: SIG_DFL, sa_mask[0]=0x00000000, sa_flags=0x00000000
SIGUSR2: [libjvm.so+0x58c150], sa_mask[0]=0x00000000, sa_flags=0x10000004
SIGHUP: [libjvm.so+0x58e840], sa_mask[0]=0x7ffbfeff, sa_flags=0x10000004
SIGINT: [libjvm.so+0x58e840], sa_mask[0]=0x7ffbfeff, sa_flags=0x10000004
SIGTERM: [libjvm.so+0x58e840], sa_mask[0]=0x7ffbfeff, sa_flags=0x10000004
SIGQUIT: [libjvm.so+0x58e840], sa_mask[0]=0x7ffbfeff, sa_flags=0x10000004


---------------  S Y S T E M  ---------------

OS:Ubuntu 10.04 (lucid)
uname:Linux 2.6.32-24-generic #43-Ubuntu SMP Thu Sep 16 14:58:24 UTC 2010 x86_64
libc:glibc 2.11.1 NPTL 2.11.1 
rlimit: STACK 8192k, CORE 0k, NPROC infinity, NOFILE 1024, AS infinity
load average:0.59 0.30 0.21

CPU:total 2 (2 cores per cpu, 1 threads per core) family 15 model 107 stepping 2, cmov, cx8, fxsr, mmx, sse, sse2, sse3, mmxext, 3dnow, 3dnowext

Memory: 4k page, physical 4060304k(2131184k free), swap 9936160k(9936160k free)

vm_info: OpenJDK 64-Bit Server VM (16.0-b13) for linux-amd64 JRE (1.6.0_18-b18), built on Jul 26 2010 23:34:55 by "buildd" with gcc 4.4.3

time: Sun Sep 19 08:15:29 2010
elapsed time: 7 seconds

